<?xml version="1.0" encoding="UTF-8"?>
<!-- Generated by org.testng.reporters.JUnitReportReporter -->
<testsuite hostname="DESKTOP-NVQOVER" failures="0" tests="6" name="test.LoginTestDocker" time="6.564" errors="0" timestamp="2023-03-20T16:42:27 ICT" skipped="0">
  <testcase classname="test.LoginTestDocker" name="validLogin" time="0.811"/>
  <system-out/>
  <testcase classname="test.LoginTestDocker" name="invalidPassword" time="0.808"/>
  <system-out/>
  <testcase classname="test.LoginTestDocker" name="invalidPassword" time="0.802"/>
  <system-out/>
  <testcase classname="test.LoginTestDocker" name="invalidEmail" time="1.663"/>
  <system-out/>
  <testcase classname="test.LoginTestDocker" name="validLogin" time="0.817"/>
  <system-out/>
  <testcase classname="test.LoginTestDocker" name="invalidEmail" time="1.663"/>
  <system-out/>
</testsuite> <!-- test.LoginTestDocker -->
