<?xml version="1.0" encoding="UTF-8"?>
<!-- Generated by org.testng.reporters.JUnitReportReporter -->
<testsuite hostname="DESKTOP-NVQOVER" failures="0" tests="6" name="test.LoginTestDocker" time="5.887" errors="0" timestamp="2023-03-20T16:53:41 ICT" skipped="0">
  <testcase classname="test.LoginTestDocker" name="validLogin" time="0.597"/>
  <system-out/>
  <testcase classname="test.LoginTestDocker" name="invalidEmail" time="1.584"/>
  <system-out/>
  <testcase classname="test.LoginTestDocker" name="invalidPassword" time="0.770"/>
  <system-out/>
  <testcase classname="test.LoginTestDocker" name="validLogin" time="0.591"/>
  <system-out/>
  <testcase classname="test.LoginTestDocker" name="invalidPassword" time="0.803"/>
  <system-out/>
  <testcase classname="test.LoginTestDocker" name="invalidEmail" time="1.542"/>
  <system-out/>
</testsuite> <!-- test.LoginTestDocker -->
