<?xml version="1.0" encoding="UTF-8"?>
<!-- Generated by org.testng.reporters.JUnitReportReporter -->
<testsuite hostname="DESKTOP-NVQOVER" failures="0" tests="6" name="test.LoginTestDocker" time="5.779" errors="0" timestamp="2023-03-20T17:01:51 ICT" skipped="0">
  <testcase classname="test.LoginTestDocker" name="invalidPassword" time="0.725"/>
  <system-out/>
  <testcase classname="test.LoginTestDocker" name="invalidPassword" time="0.674"/>
  <system-out/>
  <testcase classname="test.LoginTestDocker" name="invalidEmail" time="1.438"/>
  <system-out/>
  <testcase classname="test.LoginTestDocker" name="validLogin" time="0.621"/>
  <system-out/>
  <testcase classname="test.LoginTestDocker" name="invalidEmail" time="1.640"/>
  <system-out/>
  <testcase classname="test.LoginTestDocker" name="validLogin" time="0.681"/>
  <system-out/>
</testsuite> <!-- test.LoginTestDocker -->
